This is TeX, Version 3.1415 (C version 6.1.2.1) (format=latex 6.2.12)  24 OCT 2011 11:10
**&latex2e /u/grad/winterow/notes/presentation/presentation.tex
(/u/grad/winterow/notes/presentation/presentation.tex
LaTeX2e(BETA TEST RELEASE)  <2005/12/01>
Babel <v3.7h> and hyphenation patterns for english, loaded.
(/usr/local/lib/tex/latex2e/unpacked/article.cls
Document Class: article 2005/09/16 v1.4f Standard LaTeX document class
(/usr/local/lib/tex/latex2e/unpacked/size10.clo
File: size10.clo 2005/09/16 v1.4f Standard LaTeX file (size option)
)
\c@part=\count79
\c@section=\count80
\c@subsection=\count81
\c@subsubsection=\count82
\c@paragraph=\count83
\c@subparagraph=\count84
\c@figure=\count85
\c@table=\count86
\abovecaptionskip=\skip41
\belowcaptionskip=\skip42
\bibindent=\dimen102
)
(/usr/local/lib/tex/latex2e/unpacked/amsmath.sty
Package: amsmath 2000/07/18 v2.13 AMS math features
\@mathmargin=\skip43

For additional information on amsmath, use the `?' option.
(/usr/local/lib/tex/latex2e/unpacked/amstext.sty
Package: amstext 2000/06/29 v2.01

(/usr/local/lib/tex/latex2e/unpacked/amsgen.sty
File: amsgen.sty 1999/11/30 v2.0
\@emptytoks=\toks14
\ex@=\dimen103
))
(/usr/local/lib/tex/latex2e/unpacked/amsbsy.sty
Package: amsbsy 1999/11/29 v1.2d
\pmbraise@=\dimen104
)
(/usr/local/lib/tex/latex2e/unpacked/amsopn.sty
Package: amsopn 1999/12/14 v2.01 operator names
)
\inf@bad=\count87
LaTeX Info: Redefining \frac on input line 211.
\uproot@=\count88
\leftroot@=\count89
LaTeX Info: Redefining \overline on input line 307.
\classnum@=\count90
\DOTSCASE@=\count91
LaTeX Info: Redefining \ldots on input line 379.
LaTeX Info: Redefining \dots on input line 382.
LaTeX Info: Redefining \cdots on input line 467.
\Mathstrutbox@=\box26
\strutbox@=\box27
\big@size=\dimen105
LaTeX Font Info:    Redeclaring font encoding OML on input line 567.
LaTeX Font Info:    Redeclaring font encoding OMS on input line 568.
\macc@depth=\count92
\c@MaxMatrixCols=\count93
\dotsspace@=\muskip10
\c@parentequation=\count94
\dspbrk@lvl=\count95
\tag@help=\toks15
\row@=\count96
\column@=\count97
\maxfields@=\count98
\andhelp@=\toks16
\eqnshift@=\dimen106
\alignsep@=\dimen107
\tagshift@=\dimen108
\tagwidth@=\dimen109
\totwidth@=\dimen110
\lineht@=\dimen111
\@envbody=\toks17
\multlinegap=\skip44
\multlinetaggap=\skip45
\mathdisplay@stack=\toks18
LaTeX Info: Redefining \[ on input line 2666.
LaTeX Info: Redefining \] on input line 2667.
)
No file presentation.aux.
LaTeX Font Info:    Checking defaults for OML/cmm/m/it on input line 5.
LaTeX Font Info:    ... okay on input line 5.
LaTeX Font Info:    Checking defaults for T1/cmr/m/n on input line 5.
LaTeX Font Info:    ... okay on input line 5.
LaTeX Font Info:    Checking defaults for OT1/cmr/m/n on input line 5.
LaTeX Font Info:    ... okay on input line 5.
LaTeX Font Info:    Checking defaults for OMS/cmsy/m/n on input line 5.
LaTeX Font Info:    ... okay on input line 5.
LaTeX Font Info:    Checking defaults for OMX/cmex/m/n on input line 5.
LaTeX Font Info:    ... okay on input line 5.
LaTeX Font Info:    Checking defaults for U/cmr/m/n on input line 5.
LaTeX Font Info:    ... okay on input line 5.

Overfull \hbox (21.12154pt too wide) detected at line 31
\OML/cmm/m/it/10 H \OT1/cmr/m/n/10 = \OML/cmm/m/it/10 ^^K []\OT1/cmr/m/n/10 [\O
ML/cmm/m/it/10 U[]\OT1/cmr/m/n/10 ([])\OML/cmm/m/it/10 V\OT1/cmr/m/n/10 ([] + [
]) + \OML/cmm/m/it/10 V[]\OT1/cmr/m/n/10 ([] + [])\OML/cmm/m/it/10 U\OT1/cmr/m/
n/10 ([])] + \OML/cmm/m/it/10 ^^L []\OT1/cmr/m/n/10 [\OML/cmm/m/it/10 U[]\OT1/c
mr/m/n/10 ([])\OML/cmm/m/it/10 U\OT1/cmr/m/n/10 ([]) \OMS/cmsy/m/n/10 ^^@ \OML/
cmm/m/it/10 V[]\OT1/cmr/m/n/10 ([] + [])\OML/cmm/m/it/10 V\OT1/cmr/m/n/10 ([] +
 [])]
 []

[1

]
Overfull \hbox (37.97498pt too wide) detected at line 82
\OML/cmm/m/it/10 D[] \OT1/cmr/m/n/10 = [](\OML/cmm/m/it/10 ^^N[]U[]\OT1/cmr/m/n
/10 (\OML/cmm/m/it/10 n\OT1/cmr/m/n/10 ) \OMS/cmsy/m/n/10 ^^@ \OML/cmm/m/it/10 
^^N[]U[]\OT1/cmr/m/n/10 (\OML/cmm/m/it/10 m\OT1/cmr/m/n/10 )) + [] [] \OML/cmm/
m/it/10 ^^Q[]\OT1/cmr/m/n/10 (\OML/cmm/m/it/10 ^^N[]U[]\OT1/cmr/m/n/10 (\OML/cm
m/m/it/10 n\OT1/cmr/m/n/10 ) \OMS/cmsy/m/n/10 ^^@ \OML/cmm/m/it/10 ^^N[]U[]\OT1
/cmr/m/n/10 (\OML/cmm/m/it/10 m\OT1/cmr/m/n/10 )) + \OML/cmm/m/it/10 m^^N[]
 []

[2] [3] (presentation.aux) ) 
Here is how much of TeX's memory you used:
 821 strings out of 28583
 8521 string characters out of 471185
 60996 words of memory out of 524286
 3833 multiletter control sequences out of 27000
 4699 words of font info for 18 fonts, out of 800000 for 255
 14 hyphenation exceptions out of 2003
 27i,8n,20p,435b,204s stack positions out of 300i,40n,60p,3000b,4000s

Output written on presentation.dvi (3 pages, 11036 bytes).
